<?xml version="1.0" encoding="UTF-8"?>
<!-- Generated by org.testng.reporters.JUnitReportReporter -->
<testsuite hostname="AM-NOVA-COMP" name="demo.test.DemoTest" tests="1" failures="0" timestamp="25 Nov 2014 18:21:02 GMT" time="48.794" errors="0">
  <testcase name="xTest" time="48.794" classname="demo.test.DemoTest"/>
</testsuite> <!-- demo.test.DemoTest -->
